[2024-03-21 17:01:30.963393 +03:00]-[info]: BotProcessing.Bot[0]-[threed:8]
     Бот запущен
[2024-03-21 17:34:00.031153 +03:00]-[info]: BotProcessing.Bot[0]-[threed:8]
     Бот запущен
[2024-03-21 21:00:58.009363 +03:00]-[info]: BotProcessing.Bot[0]-[threed:11]
     Бот запущен
[2024-03-21 21:01:10.302522 +03:00]-[info]: BotProcessing.Bot[0]-[threed:10]
     Получено сообщение Telegram.Bot.Types.Message
[2024-03-21 21:01:10.320879 +03:00]-[info]: BotProcessing.Bot[0]-[threed:10]
     Получена команда /start
[2024-03-21 21:01:10.553369 +03:00]-[info]: BotProcessing.Bot[0]-[threed:10]
     Пользователю отправлено меню для выбора формата файла для загрузки
[2024-03-21 21:01:13.653379 +03:00]-[info]: BotProcessing.Bot[0]-[threed:10]
     Получено сообщение Telegram.Bot.Types.Message
[2024-03-21 21:01:13.665313 +03:00]-[info]: BotProcessing.Bot[0]-[threed:10]
     Получена команда Загрузить файл формата CSV
[2024-03-21 21:01:25.696639 +03:00]-[info]: BotProcessing.Bot[0]-[threed:10]
     Получено сообщение Telegram.Bot.Types.Message
[2024-03-21 21:01:25.702486 +03:00]-[info]: BotProcessing.Bot[0]-[threed:10]
     Получена команда которую не удалось обработать
[2024-03-21 21:01:40.177665 +03:00]-[info]: BotProcessing.Bot[0]-[threed:10]
     Получено сообщение Telegram.Bot.Types.Message
[2024-03-21 21:01:40.180158 +03:00]-[info]: BotProcessing.Bot[0]-[threed:10]
     Получена команда которую не удалось обработать
[2024-03-21 21:11:48.063708 +03:00]-[info]: BotProcessing.Bot[0]-[threed:8]
     Бот запущен
[2024-03-21 21:11:53.913591 +03:00]-[info]: BotProcessing.Bot[0]-[threed:9]
     Получено сообщение Telegram.Bot.Types.Message
[2024-03-21 21:11:53.923484 +03:00]-[info]: BotProcessing.Bot[0]-[threed:9]
     Получена команда /start
[2024-03-21 21:11:54.164293 +03:00]-[info]: BotProcessing.Bot[0]-[threed:9]
     Пользователю отправлено меню для выбора формата файла для загрузки
[2024-03-21 21:11:58.242639 +03:00]-[info]: BotProcessing.Bot[0]-[threed:9]
     Получено сообщение Telegram.Bot.Types.Message
[2024-03-21 21:11:58.243620 +03:00]-[info]: BotProcessing.Bot[0]-[threed:9]
     Получена команда Загрузить файл формата JSON
[2024-03-21 21:12:05.827492 +03:00]-[info]: BotProcessing.Bot[0]-[threed:9]
     Получено сообщение Telegram.Bot.Types.Message
[2024-03-21 21:12:05.907568 +03:00]-[info]: BotProcessing.Bot[0]-[threed:9]
     Получен файл неверного формата
[2024-03-21 21:12:15.142505 +03:00]-[info]: BotProcessing.Bot[0]-[threed:16]
     Получено сообщение Telegram.Bot.Types.Message
[2024-03-21 21:12:15.150647 +03:00]-[info]: BotProcessing.Bot[0]-[threed:16]
     Получена команда Загрузить файл формата CSV
[2024-03-21 21:12:22.200291 +03:00]-[info]: BotProcessing.Bot[0]-[threed:16]
     Получено сообщение Telegram.Bot.Types.Message
[2024-03-21 21:12:22.201073 +03:00]-[info]: BotProcessing.Bot[0]-[threed:16]
     Получен CSV файл
[2024-03-21 21:12:22.726986 +03:00]-[info]: BotProcessing.Bot[0]-[threed:16]
     Файл от пользователя успешно загружен
[2024-03-21 21:12:22.802688 +03:00]-[info]: BotProcessing.Bot[0]-[threed:16]
     Пользователю отправлено меню для выбора формата файла для загрузки
[2024-03-21 21:12:25.055521 +03:00]-[info]: BotProcessing.Bot[0]-[threed:16]
     Получено сообщение Telegram.Bot.Types.Message
[2024-03-21 21:12:25.056649 +03:00]-[info]: BotProcessing.Bot[0]-[threed:16]
     Получена команда Произвести выборку по одному из полей
[2024-03-21 21:12:25.064077 +03:00]-[info]: BotProcessing.Bot[0]-[threed:16]
     Пользователю отправлено меню выбора параметра фильтрации
[2024-03-21 21:12:27.502794 +03:00]-[info]: BotProcessing.Bot[0]-[threed:16]
     Получено сообщение Telegram.Bot.Types.Message
[2024-03-21 21:12:27.503914 +03:00]-[info]: BotProcessing.Bot[0]-[threed:16]
     Получена команда Произвести фильтрацию (выборку) по полям AdmArea и Owner
[2024-03-21 21:12:29.579969 +03:00]-[info]: BotProcessing.Bot[0]-[threed:16]
     Получено сообщение Telegram.Bot.Types.Message
[2024-03-21 21:12:34.964620 +03:00]-[info]: BotProcessing.Bot[0]-[threed:16]
     Получено сообщение Telegram.Bot.Types.Message
[2024-03-21 21:12:37.351696 +03:00]-[info]: BotProcessing.Bot[0]-[threed:16]
     Получено сообщение Telegram.Bot.Types.Message
[2024-03-21 21:12:41.594918 +03:00]-[info]: BotProcessing.Bot[0]-[threed:16]
     Получено сообщение Telegram.Bot.Types.Message
[2024-03-21 21:12:47.920847 +03:00]-[info]: BotProcessing.Bot[0]-[threed:16]
     Получено сообщение Telegram.Bot.Types.Message
[2024-03-21 21:12:47.937305 +03:00]-[info]: BotProcessing.Bot[0]-[threed:16]
     Произведена фильтрация данных по AdmArea и Owner
[2024-03-21 21:12:52.826637 +03:00]-[info]: BotProcessing.Bot[0]-[threed:16]
     Получено сообщение Telegram.Bot.Types.Message
[2024-03-21 21:12:52.831974 +03:00]-[info]: BotProcessing.Bot[0]-[threed:16]
     Получена команда /menu
[2024-03-21 21:12:52.832010 +03:00]-[info]: BotProcessing.Bot[0]-[threed:16]
     Пользователю отправлено меню для выбора формата файла для загрузки
[2024-03-21 21:12:54.534478 +03:00]-[info]: BotProcessing.Bot[0]-[threed:16]
     Получено сообщение Telegram.Bot.Types.Message
[2024-03-21 21:12:54.542939 +03:00]-[info]: BotProcessing.Bot[0]-[threed:16]
     Получена команда Отсортировать по одному из полей
[2024-03-21 21:12:54.549364 +03:00]-[info]: BotProcessing.Bot[0]-[threed:16]
     Пользователю отправлено меню для выбора режима сортировки
[2024-03-21 21:12:57.271961 +03:00]-[info]: BotProcessing.Bot[0]-[threed:16]
     Получено сообщение Telegram.Bot.Types.Message
[2024-03-21 21:12:57.278354 +03:00]-[info]: BotProcessing.Bot[0]-[threed:16]
     Получена команда Сортировка по полю TestDate по убыванию даты
[2024-03-21 21:12:57.322692 +03:00]-[info]: BotProcessing.Bot[0]-[threed:16]
     Произведена сортировка по убыванию по TestDate
[2024-03-21 21:12:59.115858 +03:00]-[info]: BotProcessing.Bot[0]-[threed:16]
     Получено сообщение Telegram.Bot.Types.Message
[2024-03-21 21:12:59.118410 +03:00]-[info]: BotProcessing.Bot[0]-[threed:16]
     Получена команда /menu
[2024-03-21 21:12:59.118434 +03:00]-[info]: BotProcessing.Bot[0]-[threed:16]
     Пользователю отправлено меню для выбора формата файла для загрузки
[2024-03-21 21:13:01.222762 +03:00]-[info]: BotProcessing.Bot[0]-[threed:16]
     Получено сообщение Telegram.Bot.Types.Message
[2024-03-21 21:13:01.223783 +03:00]-[info]: BotProcessing.Bot[0]-[threed:16]
     Получена команда Произвести выборку по одному из полей
[2024-03-21 21:13:01.223808 +03:00]-[info]: BotProcessing.Bot[0]-[threed:16]
     Пользователю отправлено меню выбора параметра фильтрации
[2024-03-21 21:13:15.506324 +03:00]-[info]: BotProcessing.Bot[0]-[threed:16]
     Получено сообщение Telegram.Bot.Types.Message
[2024-03-21 21:13:15.506808 +03:00]-[info]: BotProcessing.Bot[0]-[threed:16]
     Получена команда Произвести фильтрацию (выборку) по полю District
[2024-03-21 21:13:19.955696 +03:00]-[info]: BotProcessing.Bot[0]-[threed:16]
     Получено сообщение Telegram.Bot.Types.Message
[2024-03-21 21:13:19.958028 +03:00]-[info]: BotProcessing.Bot[0]-[threed:16]
     Произведена фильтрация данных по полю District
[2024-03-21 21:13:21.380662 +03:00]-[info]: BotProcessing.Bot[0]-[threed:16]
     Получено сообщение Telegram.Bot.Types.Message
[2024-03-21 21:13:21.381541 +03:00]-[info]: BotProcessing.Bot[0]-[threed:16]
     Получена команда /menu
[2024-03-21 21:13:21.381588 +03:00]-[info]: BotProcessing.Bot[0]-[threed:16]
     Пользователю отправлено меню для выбора формата файла для загрузки
[2024-03-21 21:13:23.992423 +03:00]-[info]: BotProcessing.Bot[0]-[threed:16]
     Получено сообщение Telegram.Bot.Types.Message
[2024-03-21 21:13:23.992895 +03:00]-[info]: BotProcessing.Bot[0]-[threed:16]
     Получена команда Скачать обработанный файл в формате CSV или JSON
[2024-03-21 21:13:23.997514 +03:00]-[info]: BotProcessing.Bot[0]-[threed:16]
     Пользователю отправлено меню выбора параметра скачивания файла
[2024-03-21 21:13:27.586877 +03:00]-[info]: BotProcessing.Bot[0]-[threed:16]
     Получено сообщение Telegram.Bot.Types.Message
[2024-03-21 21:13:27.587771 +03:00]-[info]: BotProcessing.Bot[0]-[threed:16]
     Получена команда Скачать обработанный файл в формате JSON
[2024-03-21 21:13:27.919204 +03:00]-[info]: BotProcessing.Bot[0]-[threed:16]
     Пользователю отправлен файл для скачивания
[2024-03-21 21:13:32.058915 +03:00]-[info]: BotProcessing.Bot[0]-[threed:16]
     Получено сообщение Telegram.Bot.Types.Message
[2024-03-21 21:13:32.060959 +03:00]-[info]: BotProcessing.Bot[0]-[threed:16]
     Получена команда /start
[2024-03-21 21:13:32.248539 +03:00]-[info]: BotProcessing.Bot[0]-[threed:16]
     Пользователю отправлено меню для выбора формата файла для загрузки
[2024-03-21 21:13:36.897188 +03:00]-[info]: BotProcessing.Bot[0]-[threed:16]
     Получено сообщение Telegram.Bot.Types.Message
[2024-03-21 21:13:36.899035 +03:00]-[info]: BotProcessing.Bot[0]-[threed:16]
     Получена команда Загрузить файл формата JSON
[2024-03-21 21:14:00.206960 +03:00]-[info]: BotProcessing.Bot[0]-[threed:16]
     Получено сообщение Telegram.Bot.Types.Message
[2024-03-21 21:14:00.207481 +03:00]-[info]: BotProcessing.Bot[0]-[threed:16]
     Получен JSON файл
[2024-03-21 21:14:00.712467 +03:00]-[info]: BotProcessing.Bot[0]-[threed:16]
     Пользователю отправлено меню для выбора формата файла для загрузки
[2024-03-21 21:14:00.800549 +03:00]-[info]: BotProcessing.Bot[0]-[threed:16]
     Файл от пользователя успешно загружен
[2024-03-21 21:14:47.313798 +03:00]-[info]: BotProcessing.Bot[0]-[threed:16]
     Получено сообщение Telegram.Bot.Types.Message
[2024-03-21 21:14:47.314054 +03:00]-[info]: BotProcessing.Bot[0]-[threed:16]
     Получена команда Произвести выборку по одному из полей
[2024-03-21 21:14:47.314079 +03:00]-[info]: BotProcessing.Bot[0]-[threed:16]
     Пользователю отправлено меню выбора параметра фильтрации
[2024-03-21 21:14:48.601411 +03:00]-[info]: BotProcessing.Bot[0]-[threed:16]
     Получено сообщение Telegram.Bot.Types.Message
[2024-03-21 21:14:48.602361 +03:00]-[info]: BotProcessing.Bot[0]-[threed:16]
     Получена команда Произвести фильтрацию (выборку) по полю Owner
[2024-03-21 21:14:50.149350 +03:00]-[info]: BotProcessing.Bot[0]-[threed:16]
     Получено сообщение Telegram.Bot.Types.Message
[2024-03-21 21:14:58.882930 +03:00]-[info]: BotProcessing.Bot[0]-[threed:16]
     Получено сообщение Telegram.Bot.Types.Message
[2024-03-21 21:14:58.883423 +03:00]-[info]: BotProcessing.Bot[0]-[threed:16]
     Получен файл неверного формата
[2024-03-21 21:15:07.539849 +03:00]-[info]: BotProcessing.Bot[0]-[threed:16]
     Получено сообщение Telegram.Bot.Types.Message
[2024-03-21 21:15:48.160066 +03:00]-[info]: BotProcessing.Bot[0]-[threed:16]
     Получено сообщение Telegram.Bot.Types.Message
[2024-03-21 21:20:56.540862 +03:00]-[info]: BotProcessing.Bot[0]-[threed:8]
     Бот запущен
[2024-03-21 21:20:56.608264 +03:00]-[info]: BotProcessing.Bot[0]-[threed:9]
     Получено сообщение Telegram.Bot.Types.Message
[2024-03-21 21:20:56.616655 +03:00]-[info]: BotProcessing.Bot[0]-[threed:9]
     Получена команда /start
[2024-03-21 21:20:56.773094 +03:00]-[info]: BotProcessing.Bot[0]-[threed:9]
     Пользователю отправлено меню для выбора формата файла для загрузки
[2024-03-21 21:20:59.304052 +03:00]-[info]: BotProcessing.Bot[0]-[threed:9]
     Получено сообщение Telegram.Bot.Types.Message
[2024-03-21 21:20:59.305877 +03:00]-[info]: BotProcessing.Bot[0]-[threed:9]
     Получена команда Загрузить файл формата CSV
[2024-03-21 21:21:10.531474 +03:00]-[info]: BotProcessing.Bot[0]-[threed:9]
     Получено сообщение Telegram.Bot.Types.Message
[2024-03-21 21:21:10.535715 +03:00]-[info]: BotProcessing.Bot[0]-[threed:9]
     Получен CSV файл
[2024-03-21 21:21:10.834002 +03:00]-[info]: BotProcessing.Bot[0]-[threed:9]
     Файл от пользователя успешно загружен
[2024-03-21 21:21:10.979015 +03:00]-[info]: BotProcessing.Bot[0]-[threed:9]
     Пользователю отправлено меню для выбора формата файла для загрузки
[2024-03-21 21:21:12.779821 +03:00]-[info]: BotProcessing.Bot[0]-[threed:9]
     Получено сообщение Telegram.Bot.Types.Message
[2024-03-21 21:21:12.780706 +03:00]-[info]: BotProcessing.Bot[0]-[threed:9]
     Получена команда Произвести выборку по одному из полей
[2024-03-21 21:21:12.786945 +03:00]-[info]: BotProcessing.Bot[0]-[threed:9]
     Пользователю отправлено меню выбора параметра фильтрации
[2024-03-21 21:21:13.766789 +03:00]-[info]: BotProcessing.Bot[0]-[threed:9]
     Получено сообщение Telegram.Bot.Types.Message
[2024-03-21 21:21:13.767934 +03:00]-[info]: BotProcessing.Bot[0]-[threed:9]
     Получена команда Произвести фильтрацию (выборку) по полю District
[2024-03-21 21:21:17.179232 +03:00]-[info]: BotProcessing.Bot[0]-[threed:9]
     Получено сообщение Telegram.Bot.Types.Message
[2024-03-21 21:21:17.179745 +03:00]-[info]: BotProcessing.Bot[0]-[threed:9]
     Получена команда /help
[2024-03-21 21:23:22.677298 +03:00]-[info]: BotProcessing.Bot[0]-[threed:3]
     Получено сообщение Telegram.Bot.Types.Message
[2024-03-21 21:23:24.171424 +03:00]-[info]: BotProcessing.Bot[0]-[threed:3]
     Получено сообщение Telegram.Bot.Types.Message
[2024-03-21 21:23:24.172151 +03:00]-[info]: BotProcessing.Bot[0]-[threed:3]
     Произведена фильтрация данных по полю District
[2024-03-21 21:23:30.226057 +03:00]-[info]: BotProcessing.Bot[0]-[threed:3]
     Получено сообщение Telegram.Bot.Types.Message
[2024-03-21 21:23:30.231887 +03:00]-[info]: BotProcessing.Bot[0]-[threed:3]
     Получена команда /menu
[2024-03-21 21:23:30.231941 +03:00]-[info]: BotProcessing.Bot[0]-[threed:3]
     Пользователю отправлено меню для выбора формата файла для загрузки
[2024-03-21 21:23:32.609915 +03:00]-[info]: BotProcessing.Bot[0]-[threed:3]
     Получено сообщение Telegram.Bot.Types.Message
[2024-03-21 21:23:32.614662 +03:00]-[info]: BotProcessing.Bot[0]-[threed:3]
     Получена команда Отсортировать по одному из полей
[2024-03-21 21:23:32.618737 +03:00]-[info]: BotProcessing.Bot[0]-[threed:3]
     Пользователю отправлено меню для выбора режима сортировки
[2024-03-21 21:23:34.433610 +03:00]-[info]: BotProcessing.Bot[0]-[threed:3]
     Получено сообщение Telegram.Bot.Types.Message
[2024-03-21 21:23:34.440528 +03:00]-[info]: BotProcessing.Bot[0]-[threed:3]
     Получена команда которую не удалось обработать
[2024-03-21 21:23:38.379951 +03:00]-[info]: BotProcessing.Bot[0]-[threed:3]
     Получено сообщение Telegram.Bot.Types.Message
[2024-03-21 21:23:38.383515 +03:00]-[info]: BotProcessing.Bot[0]-[threed:3]
     Получена команда Сортировка по полю TestDate по убыванию даты
[2024-03-21 21:23:38.417715 +03:00]-[info]: BotProcessing.Bot[0]-[threed:3]
     Произведена сортировка по убыванию по TestDate
[2024-03-21 21:40:23.741666 +03:00]-[info]: BotProcessing.Bot[0]-[threed:9]
     Бот запущен
[2024-03-21 21:40:28.660686 +03:00]-[info]: BotProcessing.Bot[0]-[threed:16]
     Получено сообщение Telegram.Bot.Types.Message
[2024-03-21 21:40:28.674532 +03:00]-[info]: BotProcessing.Bot[0]-[threed:16]
     Получена команда /start
[2024-03-21 21:40:28.790438 +03:00]-[info]: BotProcessing.Bot[0]-[threed:16]
     Пользователю отправлено меню для выбора формата файла для загрузки
[2024-03-21 21:40:39.977070 +03:00]-[info]: BotProcessing.Bot[0]-[threed:16]
     Получено сообщение Telegram.Bot.Types.Message
[2024-03-21 21:40:39.977368 +03:00]-[info]: BotProcessing.Bot[0]-[threed:16]
     Получена команда Загрузить файл формата CSV
[2024-03-21 21:40:50.684826 +03:00]-[info]: BotProcessing.Bot[0]-[threed:16]
     Получено сообщение Telegram.Bot.Types.Message
[2024-03-21 21:40:50.686952 +03:00]-[info]: BotProcessing.Bot[0]-[threed:16]
     Получен CSV файл
[2024-03-21 21:40:51.109943 +03:00]-[info]: BotProcessing.Bot[0]-[threed:16]
     Файл от пользователя успешно загружен
[2024-03-21 21:40:51.174644 +03:00]-[info]: BotProcessing.Bot[0]-[threed:16]
     Пользователю отправлено меню для выбора формата файла для загрузки
[2024-03-21 21:41:49.015337 +03:00]-[info]: BotProcessing.Bot[0]-[threed:16]
     Получено сообщение Telegram.Bot.Types.Message
[2024-03-21 21:41:49.015695 +03:00]-[info]: BotProcessing.Bot[0]-[threed:16]
     Получена команда Произвести выборку по одному из полей
[2024-03-21 21:41:49.019567 +03:00]-[info]: BotProcessing.Bot[0]-[threed:16]
     Пользователю отправлено меню выбора параметра фильтрации
[2024-03-21 21:42:02.286085 +03:00]-[info]: BotProcessing.Bot[0]-[threed:16]
     Получено сообщение Telegram.Bot.Types.Message
[2024-03-21 21:42:02.286490 +03:00]-[info]: BotProcessing.Bot[0]-[threed:16]
     Получена команда Произвести фильтрацию (выборку) по полю Owner
[2024-03-21 21:42:06.116054 +03:00]-[info]: BotProcessing.Bot[0]-[threed:16]
     Получено сообщение Telegram.Bot.Types.Message
[2024-03-21 21:42:07.830118 +03:00]-[info]: BotProcessing.Bot[0]-[threed:16]
     Получено сообщение Telegram.Bot.Types.Message
[2024-03-21 21:42:10.697426 +03:00]-[info]: BotProcessing.Bot[0]-[threed:16]
     Получено сообщение Telegram.Bot.Types.Message
[2024-03-21 21:42:53.297635 +03:00]-[info]: BotProcessing.Bot[0]-[threed:16]
     Получено сообщение Telegram.Bot.Types.Message
[2024-03-21 21:42:55.446175 +03:00]-[info]: BotProcessing.Bot[0]-[threed:16]
     Получено сообщение Telegram.Bot.Types.Message
[2024-03-21 21:42:57.802482 +03:00]-[info]: BotProcessing.Bot[0]-[threed:16]
     Получено сообщение Telegram.Bot.Types.Message
[2024-03-21 21:43:00.566185 +03:00]-[info]: BotProcessing.Bot[0]-[threed:16]
     Получено сообщение Telegram.Bot.Types.Message
[2024-03-21 21:43:00.567601 +03:00]-[info]: BotProcessing.Bot[0]-[threed:16]
     Произведена фильтрация данных по полю Owner
[2024-03-21 21:43:02.261536 +03:00]-[info]: BotProcessing.Bot[0]-[threed:16]
     Получено сообщение Telegram.Bot.Types.Message
[2024-03-21 21:43:02.262748 +03:00]-[info]: BotProcessing.Bot[0]-[threed:16]
     Получена команда которую не удалось обработать
[2024-03-21 21:43:04.866959 +03:00]-[info]: BotProcessing.Bot[0]-[threed:16]
     Получено сообщение Telegram.Bot.Types.Message
[2024-03-21 21:43:04.867342 +03:00]-[info]: BotProcessing.Bot[0]-[threed:16]
     Получена команда которую не удалось обработать
[2024-03-21 21:43:14.768387 +03:00]-[info]: BotProcessing.Bot[0]-[threed:16]
     Получено сообщение Telegram.Bot.Types.Message
[2024-03-21 21:43:14.770215 +03:00]-[info]: BotProcessing.Bot[0]-[threed:16]
     Получена команда /menu
[2024-03-21 21:43:14.770249 +03:00]-[info]: BotProcessing.Bot[0]-[threed:16]
     Пользователю отправлено меню для выбора формата файла для загрузки
[2024-03-21 21:43:38.273190 +03:00]-[info]: BotProcessing.Bot[0]-[threed:16]
     Получено сообщение Telegram.Bot.Types.Message
[2024-03-21 21:43:38.276769 +03:00]-[info]: BotProcessing.Bot[0]-[threed:16]
     Получена команда Отсортировать по одному из полей
[2024-03-21 21:43:38.280077 +03:00]-[info]: BotProcessing.Bot[0]-[threed:16]
     Пользователю отправлено меню для выбора режима сортировки
[2024-03-21 21:44:21.818658 +03:00]-[info]: BotProcessing.Bot[0]-[threed:16]
     Получено сообщение Telegram.Bot.Types.Message
[2024-03-21 21:44:21.819900 +03:00]-[info]: BotProcessing.Bot[0]-[threed:16]
     Получена команда которую не удалось обработать
[2024-03-21 21:44:38.315447 +03:00]-[info]: BotProcessing.Bot[0]-[threed:16]
     Получено сообщение Telegram.Bot.Types.Message
[2024-03-21 21:44:38.316195 +03:00]-[info]: BotProcessing.Bot[0]-[threed:16]
     Получен CSV файл
[2024-03-21 21:44:38.524782 +03:00]-[info]: BotProcessing.Bot[0]-[threed:16]
     Файл от пользователя успешно загружен
[2024-03-21 21:44:38.629970 +03:00]-[info]: BotProcessing.Bot[0]-[threed:16]
     Пользователю отправлено меню для выбора формата файла для загрузки
[2024-03-21 21:44:42.045690 +03:00]-[info]: BotProcessing.Bot[0]-[threed:16]
     Получено сообщение Telegram.Bot.Types.Message
[2024-03-21 21:44:42.046060 +03:00]-[info]: BotProcessing.Bot[0]-[threed:16]
     Получена команда Скачать обработанный файл в формате CSV или JSON
[2024-03-21 21:44:42.049254 +03:00]-[info]: BotProcessing.Bot[0]-[threed:16]
     Пользователю отправлено меню выбора параметра скачивания файла
[2024-03-21 21:44:45.116513 +03:00]-[info]: BotProcessing.Bot[0]-[threed:16]
     Получено сообщение Telegram.Bot.Types.Message
[2024-03-21 21:44:45.116869 +03:00]-[info]: BotProcessing.Bot[0]-[threed:16]
     Получена команда Скачать обработанный файл в формате JSON
[2024-03-21 21:44:45.484333 +03:00]-[info]: BotProcessing.Bot[0]-[threed:16]
     Пользователю отправлен файл для скачивания
[2024-03-21 21:45:23.517102 +03:00]-[info]: BotProcessing.Bot[0]-[threed:16]
     Получено сообщение Telegram.Bot.Types.Message
[2024-03-21 21:45:23.519128 +03:00]-[info]: BotProcessing.Bot[0]-[threed:16]
     Получена команда Скачать обработанный файл в формате CSV
[2024-03-21 21:45:23.925998 +03:00]-[info]: BotProcessing.Bot[0]-[threed:16]
     Пользователю отправлен файл для скачивания
[2024-03-21 21:47:03.049873 +03:00]-[info]: BotProcessing.Bot[0]-[threed:10]
     Получено сообщение Telegram.Bot.Types.Message
[2024-03-21 21:47:03.050141 +03:00]-[info]: BotProcessing.Bot[0]-[threed:10]
     Получена команда /help
[2024-03-21 21:47:24.349225 +03:00]-[info]: BotProcessing.Bot[0]-[threed:10]
     Получено сообщение Telegram.Bot.Types.Message
[2024-03-21 21:47:24.351128 +03:00]-[info]: BotProcessing.Bot[0]-[threed:10]
     Получена команда /start
[2024-03-21 21:47:24.552336 +03:00]-[info]: BotProcessing.Bot[0]-[threed:10]
     Пользователю отправлено меню для выбора формата файла для загрузки
[2024-03-21 21:47:31.926737 +03:00]-[info]: BotProcessing.Bot[0]-[threed:10]
     Получено сообщение Telegram.Bot.Types.Message
[2024-03-21 21:47:31.927030 +03:00]-[info]: BotProcessing.Bot[0]-[threed:10]
     Получена команда которую не удалось обработать
[2024-03-21 21:47:33.337721 +03:00]-[info]: BotProcessing.Bot[0]-[threed:10]
     Получено сообщение Telegram.Bot.Types.Message
[2024-03-21 21:47:33.338287 +03:00]-[info]: BotProcessing.Bot[0]-[threed:10]
     Получена команда Загрузить файл формата CSV
[2024-03-21 21:47:40.290776 +03:00]-[info]: BotProcessing.Bot[0]-[threed:10]
     Получено сообщение Telegram.Bot.Types.Message
[2024-03-21 21:47:49.948224 +03:00]-[info]: BotProcessing.Bot[0]-[threed:10]
     Получено сообщение Telegram.Bot.Types.Message
[2024-03-21 21:47:49.948852 +03:00]-[info]: BotProcessing.Bot[0]-[threed:10]
     Получена команда Загрузить файл формата JSON
[2024-03-21 21:48:12.579459 +03:00]-[info]: BotProcessing.Bot[0]-[threed:10]
     Получено сообщение Telegram.Bot.Types.Message
[2024-03-21 21:48:19.030241 +03:00]-[info]: BotProcessing.Bot[0]-[threed:10]
     Получено сообщение Telegram.Bot.Types.Message
[2024-03-21 21:48:19.030860 +03:00]-[info]: BotProcessing.Bot[0]-[threed:10]
     Получена команда /help
[2024-03-21 21:48:21.897558 +03:00]-[info]: BotProcessing.Bot[0]-[threed:10]
     Получено сообщение Telegram.Bot.Types.Message
[2024-03-21 21:48:21.897931 +03:00]-[info]: BotProcessing.Bot[0]-[threed:10]
     Получена команда /menu
[2024-03-21 21:48:21.897957 +03:00]-[info]: BotProcessing.Bot[0]-[threed:10]
     Пользователю отправлено меню для выбора формата файла для загрузки
[2024-03-21 21:48:26.698277 +03:00]-[info]: BotProcessing.Bot[0]-[threed:10]
     Получено сообщение Telegram.Bot.Types.Message
[2024-03-21 21:48:26.698889 +03:00]-[info]: BotProcessing.Bot[0]-[threed:10]
     Получена команда Отсортировать по одному из полей
[2024-03-21 21:48:26.698921 +03:00]-[info]: BotProcessing.Bot[0]-[threed:10]
     Пользователю отправлено меню для выбора режима сортировки
[2024-03-21 21:48:36.336167 +03:00]-[info]: BotProcessing.Bot[0]-[threed:10]
     Получено сообщение Telegram.Bot.Types.Message
[2024-03-21 21:48:36.336455 +03:00]-[info]: BotProcessing.Bot[0]-[threed:10]
     Получена команда Сортировка по полю TestDate по убыванию даты
[2024-03-21 21:48:36.365779 +03:00]-[info]: BotProcessing.Bot[0]-[threed:10]
     Произведена сортировка по убыванию по TestDate
[2024-03-21 21:48:55.636370 +03:00]-[info]: BotProcessing.Bot[0]-[threed:10]
     Получено сообщение Telegram.Bot.Types.Message
[2024-03-21 21:48:55.636668 +03:00]-[info]: BotProcessing.Bot[0]-[threed:10]
     Получена команда /menu
[2024-03-21 21:48:55.636680 +03:00]-[info]: BotProcessing.Bot[0]-[threed:10]
     Пользователю отправлено меню для выбора формата файла для загрузки
[2024-03-21 21:48:58.043882 +03:00]-[info]: BotProcessing.Bot[0]-[threed:10]
     Получено сообщение Telegram.Bot.Types.Message
[2024-03-21 21:48:58.044162 +03:00]-[info]: BotProcessing.Bot[0]-[threed:10]
     Получена команда Произвести выборку по одному из полей
[2024-03-21 21:48:58.044188 +03:00]-[info]: BotProcessing.Bot[0]-[threed:10]
     Пользователю отправлено меню выбора параметра фильтрации
[2024-03-21 21:49:04.597541 +03:00]-[info]: BotProcessing.Bot[0]-[threed:10]
     Получено сообщение Telegram.Bot.Types.Message
[2024-03-21 21:49:04.597861 +03:00]-[info]: BotProcessing.Bot[0]-[threed:10]
     Получена команда Произвести фильтрацию (выборку) по полям AdmArea и Owner
[2024-03-21 21:49:30.203236 +03:00]-[info]: BotProcessing.Bot[0]-[threed:10]
     Получено сообщение Telegram.Bot.Types.Message
[2024-03-21 21:49:36.239091 +03:00]-[info]: BotProcessing.Bot[0]-[threed:10]
     Получено сообщение Telegram.Bot.Types.Message
[2024-03-21 21:49:47.708854 +03:00]-[info]: BotProcessing.Bot[0]-[threed:10]
     Получено сообщение Telegram.Bot.Types.Message
[2024-03-21 21:49:47.710020 +03:00]-[info]: BotProcessing.Bot[0]-[threed:10]
     Произведена фильтрация данных по AdmArea и Owner
[2024-03-21 21:49:50.779723 +03:00]-[info]: BotProcessing.Bot[0]-[threed:10]
     Получено сообщение Telegram.Bot.Types.Message
[2024-03-21 21:49:50.780015 +03:00]-[info]: BotProcessing.Bot[0]-[threed:10]
     Получена команда /menu
[2024-03-21 21:49:50.780027 +03:00]-[info]: BotProcessing.Bot[0]-[threed:10]
     Пользователю отправлено меню для выбора формата файла для загрузки
[2024-03-21 21:49:55.592617 +03:00]-[info]: BotProcessing.Bot[0]-[threed:10]
     Получено сообщение Telegram.Bot.Types.Message
[2024-03-21 21:49:55.592903 +03:00]-[info]: BotProcessing.Bot[0]-[threed:10]
     Получена команда Скачать обработанный файл в формате CSV или JSON
[2024-03-21 21:49:55.592930 +03:00]-[info]: BotProcessing.Bot[0]-[threed:10]
     Пользователю отправлено меню выбора параметра скачивания файла
[2024-03-21 21:49:57.333445 +03:00]-[info]: BotProcessing.Bot[0]-[threed:10]
     Получено сообщение Telegram.Bot.Types.Message
[2024-03-21 21:49:57.333814 +03:00]-[info]: BotProcessing.Bot[0]-[threed:10]
     Получена команда Скачать обработанный файл в формате CSV
[2024-03-21 21:49:57.743187 +03:00]-[info]: BotProcessing.Bot[0]-[threed:10]
     Пользователю отправлен файл для скачивания
[2024-03-21 21:50:00.918257 +03:00]-[info]: BotProcessing.Bot[0]-[threed:10]
     Получено сообщение Telegram.Bot.Types.Message
[2024-03-21 21:50:00.918469 +03:00]-[info]: BotProcessing.Bot[0]-[threed:10]
     Получена команда Скачать обработанный файл в формате JSON
[2024-03-21 21:50:00.921348 +03:00]-[info]: BotProcessing.Bot[0]-[threed:10]
     Пользователю отправлен файл для скачивания
[2024-03-21 21:50:03.265569 +03:00]-[info]: BotProcessing.Bot[0]-[threed:10]
     Получено сообщение Telegram.Bot.Types.Message
[2024-03-21 21:50:03.265900 +03:00]-[info]: BotProcessing.Bot[0]-[threed:10]
     Получена команда Скачать обработанный файл в формате JSON
[2024-03-21 21:50:03.269776 +03:00]-[info]: BotProcessing.Bot[0]-[threed:10]
     Пользователю отправлен файл для скачивания
[2024-03-21 21:53:05.419575 +03:00]-[info]: BotProcessing.Bot[0]-[threed:14]
     Получено сообщение Telegram.Bot.Types.Message
[2024-03-21 21:53:05.422764 +03:00]-[info]: BotProcessing.Bot[0]-[threed:14]
     Получен JSON файл
[2024-03-21 21:53:05.898537 +03:00]-[info]: BotProcessing.Bot[0]-[threed:14]
     Пользователю отправлено меню для выбора формата файла для загрузки
[2024-03-21 21:53:06.002203 +03:00]-[info]: BotProcessing.Bot[0]-[threed:14]
     Файл от пользователя успешно загружен
[2024-03-21 21:53:09.747520 +03:00]-[info]: BotProcessing.Bot[0]-[threed:14]
     Получено сообщение Telegram.Bot.Types.Message
[2024-03-21 21:53:09.748472 +03:00]-[info]: BotProcessing.Bot[0]-[threed:14]
     Получена команда Произвести выборку по одному из полей
[2024-03-21 21:53:09.748495 +03:00]-[info]: BotProcessing.Bot[0]-[threed:14]
     Пользователю отправлено меню выбора параметра фильтрации
[2024-03-21 21:53:14.454197 +03:00]-[info]: BotProcessing.Bot[0]-[threed:14]
     Получено сообщение Telegram.Bot.Types.Message
[2024-03-21 21:53:14.454783 +03:00]-[info]: BotProcessing.Bot[0]-[threed:14]
     Получена команда Произвести фильтрацию (выборку) по полю Owner
[2024-03-21 21:53:17.628230 +03:00]-[info]: BotProcessing.Bot[0]-[threed:14]
     Получено сообщение Telegram.Bot.Types.Message
[2024-03-21 21:53:19.416600 +03:00]-[info]: BotProcessing.Bot[0]-[threed:14]
     Получено сообщение Telegram.Bot.Types.Message
[2024-03-21 21:53:19.417133 +03:00]-[info]: BotProcessing.Bot[0]-[threed:14]
     Произведена фильтрация данных по полю Owner
[2024-03-21 21:53:20.906493 +03:00]-[info]: BotProcessing.Bot[0]-[threed:14]
     Получено сообщение Telegram.Bot.Types.Message
[2024-03-21 21:53:20.907232 +03:00]-[info]: BotProcessing.Bot[0]-[threed:14]
     Получена команда /menu
[2024-03-21 21:53:20.907256 +03:00]-[info]: BotProcessing.Bot[0]-[threed:14]
     Пользователю отправлено меню для выбора формата файла для загрузки
[2024-03-21 21:53:22.952646 +03:00]-[info]: BotProcessing.Bot[0]-[threed:14]
     Получено сообщение Telegram.Bot.Types.Message
[2024-03-21 21:53:22.953006 +03:00]-[info]: BotProcessing.Bot[0]-[threed:14]
     Получена команда Произвести выборку по одному из полей
[2024-03-21 21:53:22.953020 +03:00]-[info]: BotProcessing.Bot[0]-[threed:14]
     Пользователю отправлено меню выбора параметра фильтрации
[2024-03-21 21:53:25.285442 +03:00]-[info]: BotProcessing.Bot[0]-[threed:14]
     Получено сообщение Telegram.Bot.Types.Message
[2024-03-21 21:53:25.285859 +03:00]-[info]: BotProcessing.Bot[0]-[threed:14]
     Получена команда Произвести фильтрацию (выборку) по полям AdmArea и Owner
[2024-03-21 23:32:20.611679 +03:00]-[info]: BotProcessing.Bot[0]-[threed:9]
     Бот запущен
[2024-03-21 23:32:20.849566 +03:00]-[info]: BotProcessing.Bot[0]-[threed:8]
     Получено сообщение Telegram.Bot.Types.Message
[2024-03-21 23:32:20.873065 +03:00]-[info]: BotProcessing.Bot[0]-[threed:8]
     Получена команда /help
[2024-03-21 23:32:24.365336 +03:00]-[info]: BotProcessing.Bot[0]-[threed:8]
     Получено сообщение Telegram.Bot.Types.Message
[2024-03-21 23:32:24.366148 +03:00]-[info]: BotProcessing.Bot[0]-[threed:8]
     Получена команда /start
[2024-03-21 23:32:24.462770 +03:00]-[info]: BotProcessing.Bot[0]-[threed:8]
     Пользователю отправлено меню для выбора формата файла для загрузки
[2024-03-21 23:32:26.284805 +03:00]-[info]: BotProcessing.Bot[0]-[threed:8]
     Получено сообщение Telegram.Bot.Types.Message
[2024-03-21 23:32:26.291801 +03:00]-[info]: BotProcessing.Bot[0]-[threed:8]
     Получена команда Загрузить файл формата CSV
[2024-03-21 23:32:33.760925 +03:00]-[info]: BotProcessing.Bot[0]-[threed:8]
     Получено сообщение Telegram.Bot.Types.Message
[2024-03-21 23:32:33.762927 +03:00]-[info]: BotProcessing.Bot[0]-[threed:8]
     Получен JSON файл
[2024-03-21 23:32:34.149394 +03:00]-[info]: BotProcessing.Bot[0]-[threed:9]
     Файл от пользователя успешно загружен
[2024-03-21 23:32:34.302796 +03:00]-[info]: BotProcessing.Bot[0]-[threed:9]
     Пользователю отправлено меню для выбора формата файла для загрузки
